[    0.000000] Linux version 4.15.0-212-generic (buildd@lcy02-amd64-083) (gcc version 7.5.0 (Ubuntu 7.5.0-3ubuntu1~18.04)) #223-Ubuntu SMP Tue May 23 13:09:22 UTC 2023 (Ubuntu 4.15.0-212.223-generic 4.15.18)
[    0.000000] Command line: BOOT_IMAGE=/boot/vmlinuz-4.15.0-212-generic root=LABEL=cloudimg-rootfs ro console=tty1 console=ttyS0
[    0.000000] KERNEL supported cpus:
[    0.000000]   Intel GenuineIntel
[    0.000000]   AMD AuthenticAMD
[    0.000000]   Centaur CentaurHauls
[    0.000000] x86/fpu: Supporting XSAVE feature 0x001: 'x87 floating point registers'
[    0.000000] x86/fpu: Supporting XSAVE feature 0x002: 'SSE registers'
[    0.000000] x86/fpu: Supporting XSAVE feature 0x004: 'AVX registers'
[    0.000000] x86/fpu: xstate_offset[2]:  576, xstate_sizes[2]:  256
[    0.000000] x86/fpu: Enabled xstate features 0x7, context size is 832 bytes, using 'standard' format.
[    0.000000] e820: BIOS-provided physical RAM map:
[    0.000000] BIOS-e820: [mem 0x0000000000000000-0x000000000009fbff] usable
[    0.000000] BIOS-e820: [mem 0x000000000009fc00-0x000000000009ffff] reserved
[    0.000000] BIOS-e820: [mem 0x00000000000f0000-0x00000000000fffff] reserved
[    0.000000] BIOS-e820: [mem 0x0000000000100000-0x000000003ffeffff] usable
[    0.000000] BIOS-e820: [mem 0x000000003fff0000-0x000000003fffffff] ACPI data
[    0.000000] BIOS-e820: [mem 0x00000000fec00000-0x00000000fec00fff] reserved
[    0.000000] BIOS-e820: [mem 0x00000000fee00000-0x00000000fee00fff] reserved
[    0.000000] BIOS-e820: [mem 0x00000000fffc0000-0x00000000ffffffff] reserved
[    0.000000] NX (Execute Disable) protection: active
[    0.000000] SMBIOS 2.5 present.
[    0.000000] DMI: innotek GmbH VirtualBox/VirtualBox, BIOS VirtualBox 12/01/2006
[    0.000000] Hypervisor detected: KVM
[    0.000000] e820: last_pfn = 0x3fff0 max_arch_pfn = 0x400000000
[    0.000000] MTRR: Disabled
[    0.000000] x86/PAT: MTRRs disabled, skipping PAT initialization too.
[    0.000000] CPU MTRRs all blank - virtualized system.
[    0.000000] x86/PAT: Configuration [0-7]: WB  WT  UC- UC  WB  WT  UC- UC  
[    0.000000] found SMP MP-table at [mem 0x0009fff0-0x0009ffff]
[    0.000000] Scanning 1 areas for low memory corruption
[    0.000000] RAMDISK: [mem 0x359cb000-0x36cdcfff]
[    0.000000] ACPI: Early table checksum verification disabled
[    0.000000] ACPI: RSDP 0x00000000000E0000 000024 (v02 VBOX  )
[    0.000000] ACPI: XSDT 0x000000003FFF0030 00003C (v01 VBOX   VBOXXSDT 00000001 ASL  00000061)
[    0.000000] ACPI: FACP 0x000000003FFF00F0 0000F4 (v04 VBOX   VBOXFACP 00000001 ASL  00000061)
[    0.000000] ACPI: DSDT 0x000000003FFF0470 002325 (v02 VBOX   VBOXBIOS 00000002 INTL 20120111)
[    0.000000] ACPI: FACS 0x000000003FFF0200 000040
[    0.000000] ACPI: FACS 0x000000003FFF0200 000040
[    0.000000] ACPI: APIC 0x000000003FFF0240 00005C (v02 VBOX   VBOXAPIC 00000001 ASL  00000061)
[    0.000000] ACPI: SSDT 0x000000003FFF02A0 0001CC (v01 VBOX   VBOXCPUT 00000002 INTL 20120111)
[    0.000000] ACPI: Reserving FACP table memory at [mem 0x3fff00f0-0x3fff01e3]
[    0.000000] ACPI: Reserving DSDT table memory at [mem 0x3fff0470-0x3fff2794]
[    0.000000] ACPI: Reserving FACS table memory at [mem 0x3fff0200-0x3fff023f]
[    0.000000] ACPI: Reserving FACS table memory at [mem 0x3fff0200-0x3fff023f]
[    0.000000] ACPI: Reserving APIC table memory at [mem 0x3fff0240-0x3fff029b]
[    0.000000] ACPI: Reserving SSDT table memory at [mem 0x3fff02a0-0x3fff046b]
[    0.000000] No NUMA configuration found
[    0.000000] Faking a node at [mem 0x0000000000000000-0x000000003ffeffff]
[    0.000000] NODE_DATA(0) allocated [mem 0x3ffc5000-0x3ffeffff]
[    0.000000] kvm-clock: cpu 0, msr 0:3ff44001, primary cpu clock
[    0.000000] kvm-clock: Using msrs 4b564d01 and 4b564d00
[    0.000000] kvm-clock: using sched offset of 3467093993 cycles
[    0.000000] clocksource: kvm-clock: mask: 0xffffffffffffffff max_cycles: 0x1cd42e4dffb, max_idle_ns: 881590591483 ns
[    0.000000] Zone ranges:
[    0.000000]   DMA      [mem 0x0000000000001000-0x0000000000ffffff]
[    0.000000]   DMA32    [mem 0x0000000001000000-0x000000003ffeffff]
[    0.000000]   Normal   empty
[    0.000000]   Device   empty
[    0.000000] Movable zone start for each node
[    0.000000] Early memory node ranges
[    0.000000]   node   0: [mem 0x0000000000001000-0x000000000009efff]
[    0.000000]   node   0: [mem 0x0000000000100000-0x000000003ffeffff]
[    0.000000] Reserved but unavailable: 104 pages
[    0.000000] Initmem setup node 0 [mem 0x0000000000001000-0x000000003ffeffff]
[    0.000000] ACPI: PM-Timer IO Port: 0x4008
[    0.000000] IOAPIC[0]: apic_id 2, version 32, address 0xfec00000, GSI 0-23
[    0.000000] ACPI: INT_SRC_OVR (bus 0 bus_irq 0 global_irq 2 dfl dfl)
[    0.000000] ACPI: INT_SRC_OVR (bus 0 bus_irq 9 global_irq 9 low level)
[    0.000000] Using ACPI (MADT) for SMP configuration information
[    0.000000] smpboot: Allowing 2 CPUs, 0 hotplug CPUs
[    0.000000] PM: Registered nosave memory: [mem 0x00000000-0x00000fff]
[    0.000000] PM: Registered nosave memory: [mem 0x0009f000-0x0009ffff]
[    0.000000] PM: Registered nosave memory: [mem 0x000a0000-0x000effff]
[    0.000000] PM: Registered nosave memory: [mem 0x000f0000-0x000fffff]
[    0.000000] e820: [mem 0x40000000-0xfebfffff] available for PCI devices
[    0.000000] Booting paravirtualized kernel on KVM
[    0.000000] clocksource: refined-jiffies: mask: 0xffffffff max_cycles: 0xffffffff, max_idle_ns: 7645519600211568 ns
[    0.000000] setup_percpu: NR_CPUS:8192 nr_cpumask_bits:2 nr_cpu_ids:2 nr_node_ids:1
[    0.000000] percpu: Embedded 50 pages/cpu s167936 r8192 d28672 u1048576
[    0.000000] PV qspinlock hash table entries: 256 (order: 0, 4096 bytes)
[    0.000000] Built 1 zonelists, mobility grouping on.  Total pages: 257913
[    0.000000] Policy zone: DMA32
[    0.000000] Kernel command line: BOOT_IMAGE=/boot/vmlinuz-4.15.0-212-generic root=LABEL=cloudimg-rootfs ro console=tty1 console=ttyS0
[    0.000000] Memory: 982644K/1048120K available (12300K kernel code, 2477K rwdata, 4324K rodata, 2480K init, 2720K bss, 65476K reserved, 0K cma-reserved)
[    0.000000] SLUB: HWalign=64, Order=0-3, MinObjects=0, CPUs=2, Nodes=1
[    0.000000] Kernel/User page tables isolation: enabled
[    0.000000] ftrace: allocating 39508 entries in 155 pages
[    0.004000] Hierarchical RCU implementation.
[    0.004000] 	RCU restricting CPUs from NR_CPUS=8192 to nr_cpu_ids=2.
[    0.004000] 	Tasks RCU enabled.
[    0.004000] RCU: Adjusting geometry for rcu_fanout_leaf=16, nr_cpu_ids=2
[    0.004000] NR_IRQS: 524544, nr_irqs: 440, preallocated irqs: 16
[    0.004000] random: crng init done
[    0.004000] Console: colour VGA+ 80x25
[    0.004000] console [tty1] enabled
[    0.004000] console [ttyS0] enabled
[    0.004000] ACPI: Core revision 20170831
[    0.004000] ACPI: 2 ACPI AML tables successfully acquired and loaded
[    0.004000] APIC: Switch to symmetric I/O mode setup
[    0.004000] x2apic enabled
[    0.004000] Switched APIC routing to physical x2apic.
[    0.004000] ..TIMER: vector=0x30 apic1=0 pin1=2 apic2=-1 pin2=-1
[    0.004000] tsc: Detected 3311.998 MHz processor
[    0.004009] Calibrating delay loop (skipped) preset value.. 6623.99 BogoMIPS (lpj=13247992)
[    0.005114] pid_max: default: 32768 minimum: 301
[    0.005762] Security Framework initialized
[    0.006367] Yama: becoming mindful.
[    0.007043] AppArmor: AppArmor initialized
[    0.009113] Dentry cache hash table entries: 131072 (order: 8, 1048576 bytes)
[    0.010162] Inode-cache hash table entries: 65536 (order: 7, 524288 bytes)
[    0.011238] Mount-cache hash table entries: 2048 (order: 2, 16384 bytes)
[    0.012004] Mountpoint-cache hash table entries: 2048 (order: 2, 16384 bytes)
[    0.013121] Last level iTLB entries: 4KB 64, 2MB 8, 4MB 8
[    0.013844] Last level dTLB entries: 4KB 64, 2MB 0, 4MB 0, 1GB 4
[    0.014634] Spectre V1 : Mitigation: usercopy/swapgs barriers and __user pointer sanitization
[    0.015753] Spectre V2 : Mitigation: Retpolines
[    0.016001] Spectre V2 : Spectre v2 / SpectreRSB mitigation: Filling RSB on context switch
[    0.017202] Spectre V2 : Spectre v2 / SpectreRSB : Filling RSB on VMEXIT
[    0.018070] RETBleed: WARNING: Spectre v2 mitigation leaves CPU vulnerable to RETBleed attacks, data leaks possible!
[    0.019429] RETBleed: Vulnerable
[    0.020001] Speculative Store Bypass: Vulnerable
[    0.020693] MDS: Mitigation: Clear CPU buffers
[    0.021292] MMIO Stale Data: Mitigation: Clear CPU buffers
[    0.022017] SRBDS: Unknown: Dependent on hypervisor status
[    0.022860] Freeing SMP alternatives memory: 36K
[    0.133627] smpboot: CPU0: Intel(R) Core(TM) i5-10600 CPU @ 3.30GHz (family: 0x6, model: 0xa5, stepping: 0x3)
[    0.134989] Performance Events: unsupported p6 CPU model 165 no PMU driver, software events only.
[    0.136000] Hierarchical SRCU implementation.
[    0.136000] NMI watchdog: Perf event create on CPU 0 failed with -2
[    0.136001] NMI watchdog: Perf NMI watchdog permanently disabled
[    0.136822] smp: Bringing up secondary CPUs ...
[    0.137488] x86: Booting SMP configuration:
[    0.138073] .... node  #0, CPUs:      #1
[    0.004000] kvm-clock: cpu 1, msr 0:3ff44041, secondary cpu clock
[    0.140020] smp: Brought up 1 node, 2 CPUs
[    0.140645] smpboot: Max logical packages: 1
[    0.141233] smpboot: Total of 2 processors activated (13247.99 BogoMIPS)
[    0.144033] devtmpfs: initialized
[    0.144551] x86/mm: Memory block size: 128MB
[    0.145400] evm: security.selinux
[    0.145871] evm: security.SMACK64
[    0.146373] evm: security.SMACK64EXEC
[    0.146880] evm: security.SMACK64TRANSMUTE
[    0.147577] evm: security.SMACK64MMAP
[    0.148002] evm: security.apparmor
[    0.148561] evm: security.ima
[    0.148996] evm: security.capability
[    0.149527] clocksource: jiffies: mask: 0xffffffff max_cycles: 0xffffffff, max_idle_ns: 7645041785100000 ns
[    0.149527] futex hash table entries: 512 (order: 3, 32768 bytes)
[    0.152030] pinctrl core: initialized pinctrl subsystem
[    0.153771] RTC time: 16:00:33, date: 05/03/25
[    0.154480] NET: Registered protocol family 16
[    0.155151] audit: initializing netlink subsys (disabled)
[    0.156016] audit: type=2000 audit(1746288038.767:1): state=initialized audit_enabled=0 res=1
[    0.157157] cpuidle: using governor ladder
[    0.157157] cpuidle: using governor menu
[    0.157191] ACPI: bus type PCI registered
[    0.157757] acpiphp: ACPI Hot Plug PCI Controller Driver version: 0.5
[    0.158684] PCI: Using configuration type 1 for base access
[    0.160648] HugeTLB registered 2.00 MiB page size, pre-allocated 0 pages
[    0.160942] ACPI: Added _OSI(Module Device)
[    0.160942] ACPI: Added _OSI(Processor Device)
[    0.161237] ACPI: Added _OSI(3.0 _SCP Extensions)
[    0.164003] ACPI: Added _OSI(Processor Aggregator Device)
[    0.164736] ACPI: Added _OSI(Linux-Dell-Video)
[    0.165349] ACPI: Added _OSI(Linux-Lenovo-NV-HDMI-Audio)
[    0.166080] ACPI: Added _OSI(Linux-HPI-Hybrid-Graphics)
[    0.167030] ACPI: Executed 1 blocks of module-level executable AML code
[    0.170175] ACPI: Interpreter enabled
[    0.170712] ACPI: (supports S0 S5)
[    0.171205] ACPI: Using IOAPIC for interrupt routing
[    0.172123] PCI: Using host bridge windows from ACPI; if necessary, use "pci=nocrs" and report a bug
[    0.173529] ACPI: Enabled 2 GPEs in block 00 to 07
[    0.178529] ACPI: PCI Root Bridge [PCI0] (domain 0000 [bus 00-ff])
[    0.179410] acpi PNP0A03:00: _OSC: OS supports [ASPM ClockPM Segments MSI]
[    0.180306] acpi PNP0A03:00: _OSC: not requesting OS control; OS requires [ExtendedConfig ASPM ClockPM MSI]
[    0.181587] acpi PNP0A03:00: fail to add MMCONFIG information, can't access extended PCI configuration space under this bridge.
[    0.183386] PCI host bridge to bus 0000:00
[    0.184002] pci_bus 0000:00: root bus resource [io  0x0000-0x0cf7 window]
[    0.184886] pci_bus 0000:00: root bus resource [io  0x0d00-0xffff window]
[    0.185778] pci_bus 0000:00: root bus resource [mem 0x000a0000-0x000bffff window]
[    0.186800] pci_bus 0000:00: root bus resource [mem 0x40000000-0xfdffffff window]
[    0.188002] pci_bus 0000:00: root bus resource [bus 00-ff]
[    0.190321] pci 0000:00:01.1: legacy IDE quirk: reg 0x10: [io  0x01f0-0x01f7]
[    0.192002] pci 0000:00:01.1: legacy IDE quirk: reg 0x14: [io  0x03f6]
[    0.192849] pci 0000:00:01.1: legacy IDE quirk: reg 0x18: [io  0x0170-0x0177]
[    0.193812] pci 0000:00:01.1: legacy IDE quirk: reg 0x1c: [io  0x0376]
[    0.203368] pci 0000:00:07.0: quirk: [io  0x4000-0x403f] claimed by PIIX4 ACPI
[    0.204012] pci 0000:00:07.0: quirk: [io  0x4100-0x410f] claimed by PIIX4 SMB
[    0.210332] ACPI: PCI Interrupt Link [LNKA] (IRQs 5 9 10 *11)
[    0.211314] ACPI: PCI Interrupt Link [LNKB] (IRQs 5 9 *10 11)
[    0.212056] ACPI: PCI Interrupt Link [LNKC] (IRQs 5 *9 10 11)
[    0.212902] ACPI: PCI Interrupt Link [LNKD] (IRQs 5 9 10 *11)
[    0.213912] SCSI subsystem initialized
[    0.214483] pci 0000:00:02.0: vgaarb: setting as boot VGA device
[    0.214483] pci 0000:00:02.0: vgaarb: VGA device added: decodes=io+mem,owns=io+mem,locks=none
[    0.216006] pci 0000:00:02.0: vgaarb: bridge control possible
[    0.216798] vgaarb: loaded
[    0.217230] ACPI: bus type USB registered
[    0.217812] usbcore: registered new interface driver usbfs
[    0.218542] usbcore: registered new interface driver hub
[    0.219275] usbcore: registered new device driver usb
[    0.220040] EDAC MC: Ver: 3.0.0
[    0.220642] PCI: Using ACPI for IRQ routing
[    0.220853] NetLabel: Initializing
[    0.221332] NetLabel:  domain hash size = 128
[    0.221922] NetLabel:  protocols = UNLABELED CIPSOv4 CALIPSO
[    0.222680] NetLabel:  unlabeled traffic allowed by default
[    0.224046] clocksource: Switched to clocksource kvm-clock
[    0.233239] VFS: Disk quotas dquot_6.6.0
[    0.233809] VFS: Dquot-cache hash table entries: 512 (order 0, 4096 bytes)
[    0.234768] AppArmor: AppArmor Filesystem Enabled
[    0.235415] pnp: PnP ACPI init
[    0.236674] pnp: PnP ACPI: found 3 devices
[    0.243865] clocksource: acpi_pm: mask: 0xffffff max_cycles: 0xffffff, max_idle_ns: 2085701024 ns
[    0.245143] NET: Registered protocol family 2
[    0.245819] IP idents hash table entries: 16384 (order: 5, 131072 bytes)
[    0.247858] TCP established hash table entries: 8192 (order: 4, 65536 bytes)
[    0.248843] TCP bind hash table entries: 8192 (order: 5, 131072 bytes)
[    0.249731] TCP: Hash tables configured (established 8192 bind 8192)
[    0.250596] UDP hash table entries: 512 (order: 2, 16384 bytes)
[    0.251404] UDP-Lite hash table entries: 512 (order: 2, 16384 bytes)
[    0.252291] NET: Registered protocol family 1
[    0.252907] pci 0000:00:00.0: Limiting direct PCI/PCI transfers
[    0.253925] pci 0000:00:01.0: Activating ISA DMA hang workarounds
[    0.254780] pci 0000:00:02.0: Video device with shadowed ROM at [mem 0x000c0000-0x000dffff]
[    0.255982] Unpacking initramfs...
[    0.469144] Freeing initrd memory: 19528K
[    0.469776] clocksource: tsc: mask: 0xffffffffffffffff max_cycles: 0x2fbd924e8de, max_idle_ns: 440795321919 ns
[    0.471358] platform rtc_cmos: registered platform RTC device (no PNP device found)
[    0.472448] Scanning for low memory corruption every 60 seconds
[    0.473996] Initialise system trusted keyrings
[    0.474675] Key type blacklist registered
[    0.475283] workingset: timestamp_bits=36 max_order=18 bucket_order=0
[    0.476785] zbud: loaded
[    0.477475] squashfs: version 4.0 (2009/01/31) Phillip Lougher
[    0.478353] fuse init (API version 7.26)
[    0.479895] Key type asymmetric registered
[    0.480494] Asymmetric key parser 'x509' registered
[    0.481163] Block layer SCSI generic (bsg) driver version 0.4 loaded (major 246)
[    0.482194] io scheduler noop registered
[    0.482736] io scheduler deadline registered
[    0.483329] io scheduler cfq registered (default)
[    0.484214] ACPI: AC Adapter [AC] (on-line)
[    0.484825] input: Power Button as /devices/LNXSYSTM:00/LNXPWRBN:00/input/input0
[    0.485847] ACPI: Power Button [PWRF]
[    0.486402] input: Sleep Button as /devices/LNXSYSTM:00/LNXSLPBN:00/input/input1
[    0.487396] ACPI: Sleep Button [SLPF]
[    0.488126] Serial: 8250/16550 driver, 32 ports, IRQ sharing enabled
[    0.509583] 00:02: ttyS0 at I/O 0x3f8 (irq = 4, base_baud = 115200) is a 16550A
[    0.512139] Linux agpgart interface v0.103
[    0.514549] loop: module loaded
[    0.515354] scsi host0: ata_piix
[    0.515881] scsi host1: ata_piix
[    0.516386] ata1: PATA max UDMA/33 cmd 0x1f0 ctl 0x3f6 bmdma 0xd000 irq 14
[    0.517323] ata2: PATA max UDMA/33 cmd 0x170 ctl 0x376 bmdma 0xd008 irq 15
[    0.518300] tun: Universal TUN/TAP device driver, 1.6
[    0.519053] PPP generic driver version 2.4.2
[    0.519712] ehci_hcd: USB 2.0 'Enhanced' Host Controller (EHCI) Driver
[    0.520818] ehci-pci: EHCI PCI platform driver
[    0.521429] ehci-platform: EHCI generic platform driver
[    0.522197] ohci_hcd: USB 1.1 'Open' Host Controller (OHCI) Driver
[    0.523005] ohci-pci: OHCI PCI platform driver
[    0.523612] ohci-platform: OHCI generic platform driver
[    0.524335] uhci_hcd: USB Universal Host Controller Interface driver
[    0.525227] i8042: PNP: PS/2 Controller [PNP0303:PS2K,PNP0f03:PS2M] at 0x60,0x64 irq 1,12
[    0.526649] serio: i8042 KBD port at 0x60,0x64 irq 1
[    0.527335] serio: i8042 AUX port at 0x60,0x64 irq 12
[    0.528502] mousedev: PS/2 mouse device common for all mice
[    0.529705] input: AT Translated Set 2 keyboard as /devices/platform/i8042/serio0/input/input2
[    0.530928] rtc_cmos rtc_cmos: rtc core: registered rtc_cmos as rtc0
[    0.531944] rtc_cmos rtc_cmos: alarms up to one day, 114 bytes nvram
[    0.532863] i2c /dev entries driver
[    0.533407] device-mapper: uevent: version 1.0.3
[    0.534296] device-mapper: ioctl: 4.37.0-ioctl (2017-09-20) initialised: dm-devel@redhat.com
[    0.535470] ledtrig-cpu: registered to indicate activity on CPUs
[    0.536570] NET: Registered protocol family 10
[    0.539432] Segment Routing with IPv6
[    0.539977] NET: Registered protocol family 17
[    0.540641] Key type dns_resolver registered
[    0.541351] mce: Using 0 MCE banks
[    0.541853] RAS: Correctable Errors collector initialized.
[    0.542620] sched_clock: Marking stable (541334530, 0)->(657714436, -116379906)
[    0.543855] registered taskstats version 1
[    0.544468] Loading compiled-in X.509 certificates
[    0.546478] Loaded X.509 cert 'Build time autogenerated kernel key: b5b26778eaa3ab3a4a6cee031137706e947d12ad'
[    0.548183] Loaded X.509 cert 'Canonical Ltd. Live Patch Signing: 14df34d1a87cf37625abec039ef2bf521249b969'
[    0.549886] Loaded X.509 cert 'Canonical Ltd. Kernel Module Signing: 88f752e560a1e0737e31163a466ad7b70a850c19'
[    0.551245] blacklist: Loading compiled-in revocation X.509 certificates
[    0.552159] Loaded X.509 cert 'Canonical Ltd. Secure Boot Signing: 61482aa2830d0ab2ad5af10b7250da9033ddcef0'
[    0.553531] Loaded X.509 cert 'Canonical Ltd. Secure Boot Signing (2017): 242ade75ac4a15e50d50c84b0d45ff3eae707a03'
[    0.555161] Loaded X.509 cert 'Canonical Ltd. Secure Boot Signing (ESM 2018): 365188c1d374d6b07c3c8f240f8ef722433d6a8b'
[    0.556647] Loaded X.509 cert 'Canonical Ltd. Secure Boot Signing (2019): c0746fd6c5da3ae827864651ad66ae47fe24b3e8'
[    0.558054] Loaded X.509 cert 'Canonical Ltd. Secure Boot Signing (2021 v1): a8d54bbb3825cfb94fa13c9f8a594a195c107b8d'
[    0.559495] Loaded X.509 cert 'Canonical Ltd. Secure Boot Signing (2021 v2): 4cf046892d6fd3c9a5b03f98d845f90851dc6a8c'
[    0.560957] Loaded X.509 cert 'Canonical Ltd. Secure Boot Signing (2021 v3): 100437bb6de6e469b581e61cd66bce3ef4ed53af'
[    0.562404] Loaded X.509 cert 'Canonical Ltd. Secure Boot Signing (Ubuntu Core 2019): c1d57b8f6b743f23ee41f4f7ee292f06eecadfb9'
[    0.563937] zswap: loaded using pool lzo/zbud
[    0.566700] Key type big_key registered
[    0.567260] Key type trusted registered
[    0.568811] Key type encrypted registered
[    0.569370] AppArmor: AppArmor sha1 policy hashing enabled
[    0.570110] ima: No TPM chip found, activating TPM-bypass! (rc=-19)
[    0.570932] ima: Allocated hash algorithm: sha1
[    0.571550] evm: HMAC attrs: 0x1
[    0.572248]   Magic number: 9:875:33
[    0.572820] rtc_cmos rtc_cmos: setting system clock to 2025-05-03 16:00:34 UTC (1746288034)
[    0.573997] BIOS EDD facility v0.16 2004-Jun-25, 0 devices found
[    0.574791] EDD information not available.
[    0.701871] Freeing unused kernel image memory: 2480K
[    1.144242] Write protecting the kernel read-only data: 20480k
[    1.145645] Freeing unused kernel image memory: 2008K
[    1.146553] Freeing unused kernel image memory: 1820K
[    1.152920] x86/mm: Checked W+X mappings: passed, no W+X pages found.
[    1.153988] x86/mm: Checking user space page tables
[    1.160365] x86/mm: Checked W+X mappings: passed, no W+X pages found.
Loading, please wait...
starting version 237
[    1.202427] e1000: Intel(R) PRO/1000 Network Driver - version 7.3.21-k8-NAPI
[    1.203369] e1000: Copyright (c) 1999-2006 Intel Corporation.
[    1.209871] Fusion MPT base driver 3.04.20
[    1.210615] Copyright (c) 1999-2008 LSI Corporation
[    1.214126] Fusion MPT SPI Host driver 3.04.20
[    1.221833] AVX2 version of gcm_enc/dec engaged.
[    1.222545] AES CTR mode by8 optimization enabled
[    1.431139] input: ImExPS/2 Generic Explorer Mouse as /devices/platform/i8042/serio1/input/input4
[    1.572366] e1000 0000:00:03.0 eth0: (PCI:33MHz:32-bit) 02:3b:7b:b7:3b:2d
[    1.573276] e1000 0000:00:03.0 eth0: Intel(R) PRO/1000 Network Connection
[    1.575098] mptbase: ioc0: Initiating bringup
[    2.516148] ioc0: LSI53C1030 A0: Capabilities={Initiator}
[    4.509167] scsi host2: ioc0: LSI53C1030 A0, FwRev=00000000h, Ports=1, MaxQ=256, IRQ=20
[    7.407322] scsi 2:0:0:0: Direct-Access     VBOX     HARDDISK         1.0  PQ: 0 ANSI: 5
[    7.440331] scsi target2:0:0: Beginning Domain Validation
[    7.443417] scsi target2:0:0: Domain Validation skipping write tests
[    7.444643] scsi target2:0:0: Ending Domain Validation
[    7.445466] scsi target2:0:0: asynchronous
[    7.446426] scsi 2:0:1:0: Direct-Access     VBOX     HARDDISK         1.0  PQ: 0 ANSI: 5
[    7.724690] scsi target2:0:1: Beginning Domain Validation
[    7.726989] scsi target2:0:1: Domain Validation skipping write tests
[    7.727884] scsi target2:0:1: Ending Domain Validation
[    7.728677] scsi target2:0:1: asynchronous
[    7.731656] sd 2:0:0:0: Attached scsi generic sg0 type 0
[    7.731679] sd 2:0:0:0: [sda] 83886080 512-byte logical blocks: (42.9 GB/40.0 GiB)
[    7.732663] sd 2:0:1:0: Attached scsi generic sg1 type 0
[    7.733500] sd 2:0:0:0: [sda] Write Protect is off
[    7.734933] sd 2:0:0:0: [sda] Incomplete mode parameter data
[    7.734940] sd 2:0:1:0: [sdb] 20480 512-byte logical blocks: (10.5 MB/10.0 MiB)
[    7.735689] sd 2:0:0:0: [sda] Assuming drive cache: write through
[    7.737531] sd 2:0:1:0: [sdb] Write Protect is off
[    7.738457] sd 2:0:1:0: [sdb] Incomplete mode parameter data
[    7.739225] sd 2:0:1:0: [sdb] Assuming drive cache: write through
[    7.739246]  sda: sda1
[    7.740744] sd 2:0:0:0: [sda] Attached SCSI disk
[    7.742265] sd 2:0:1:0: [sdb] Attached SCSI disk
[    7.767941] e1000 0000:00:08.0 eth1: (PCI:33MHz:32-bit) 08:00:27:4b:38:db
[    7.768874] e1000 0000:00:08.0 eth1: Intel(R) PRO/1000 Network Connection
[    7.770570] e1000 0000:00:08.0 enp0s8: renamed from eth1
[    7.780584] e1000 0000:00:03.0 enp0s3: renamed from eth0
Begin: Loading essential drivers ... [    9.132455] raid6: sse2x1   gen() 15158 MB/s
[    9.180135] raid6: sse2x1   xor()  9018 MB/s
[    9.228139] raid6: sse2x2   gen() 18733 MB/s
[    9.276139] raid6: sse2x2   xor() 12011 MB/s
[    9.324116] raid6: sse2x4   gen() 19842 MB/s
[    9.372059] raid6: sse2x4   xor() 11441 MB/s
[    9.420160] raid6: avx2x1   gen() 30118 MB/s
[    9.468086] raid6: avx2x1   xor() 17036 MB/s
[    9.516039] raid6: avx2x2   gen() 34931 MB/s
[    9.564102] raid6: avx2x2   xor() 23408 MB/s
[    9.612405] raid6: avx2x4   gen() 40565 MB/s
[    9.660354] raid6: avx2x4   xor() 23030 MB/s
[    9.660939] raid6: using algorithm avx2x4 gen() 40565 MB/s
[    9.661666] raid6: .... xor() 23030 MB/s, rmw enabled
[    9.662342] raid6: using avx2x2 recovery algorithm
[    9.664202] xor: automatically using best checksumming function   avx       
[    9.666074] async_tx: api initialized (async)
done.
Begin: Running /scripts/init-premount ... done.
Begin: Mounting root file system ... Begin: Running /scripts/local-top ... done.
Begin: Running /scripts/local-premount ... [    9.699118] Btrfs loaded, crc32c=crc32c-intel
Scanning for Btrfs filesystems
done.
Warning: fsck not present, so skipping root file system
[    9.718545] EXT4-fs (sda1): mounted filesystem with ordered data mode. Opts: (null)
done.
Begin: Running /scripts/local-bottom ... done.
Begin: Running /scripts/init-bottom ... done.
[    9.847493] ip_tables: (C) 2000-2006 Netfilter Core Team
[    9.854331] systemd[1]: systemd 237 running in system mode. (+PAM +AUDIT +SELINUX +IMA +APPARMOR +SMACK +SYSVINIT +UTMP +LIBCRYPTSETUP +GCRYPT +GNUTLS +ACL +XZ +LZ4 +SECCOMP +BLKID +ELFUTILS +KMOD -IDN2 +IDN -PCRE2 default-hierarchy=hybrid)
[    9.857241] systemd[1]: Detected virtualization oracle.
[    9.857956] systemd[1]: Detected architecture x86-64.

Welcome to [1mUbuntu 18.04.6 LTS[0m!

[    9.861916] systemd[1]: Set hostname to <ubuntu>.
[    9.864488] systemd[1]: Initializing machine ID from random generator.
[    9.865392] systemd[1]: Installed transient /etc/machine-id file.
[   10.036222] systemd[1]: Set up automount Arbitrary Executable File Formats File System Automount Point.
[[0;32m  OK  [0m] Set up automount Arbitrary Executab…rmats File System Automount Point.
[   10.038542] systemd[1]: Reached target User and Group Name Lookups.
[[0;32m  OK  [0m] Reached target User and Group Name Lookups.
[   10.040924] systemd[1]: Created slice System Slice.
[[0;32m  OK  [0m] Created slice System Slice.
[   10.042328] systemd[1]: Created slice system-serial\x2dgetty.slice.
[[0;32m  OK  [0m] Created slice system-serial\x2dgetty.slice.
[[0;32m  OK  [0m] Reached target System Time Synchronized.
[[0;32m  OK  [0m] Listening on udev Kernel Socket.
[[0;32m  OK  [0m] Started Forward Password Requests to Wall Directory Watch.
[[0;32m  OK  [0m] Listening on Journal Audit Socket.
[[0;32m  OK  [0m] Listening on Device-mapper event daemon FIFOs.
[[0;32m  OK  [0m] Listening on Syslog Socket.
[[0;32m  OK  [0m] Listening on Journal Socket.
         Starting Load Kernel Modules...
         Mounting Huge Pages File System...
         Starting Create list of required st…ce nodes for the current kernel...
[[0;32m  OK  [0m] Listening on Network Service Netlink Socket.
[[0;32m  OK  [0m] Listening on Journal Socket (/dev/log).
         Starting Journal Service...
[[0;32m  OK  [0m] Listening on /dev/initctl Compatibility Named Pipe.
[[0;32m  OK  [0m] Reached target Mounting snaps.
[[0;32m  OK  [0m] Reached target Mounted snaps.
[[0;32m  OK  [0m] Created slice User and Session Slice.
[[0;32m  OK  [0m] Reached target Slices.
         Starting Set the console keyboard layout...
[[0;32m  OK  [0m] Reached target Swap.
         Mounting POSIX Message Queue File System...
[[0;32m  OK  [0m] Listening on LVM2 poll daemon socket.
[[0;32m  OK  [0m] Listening on fsck to fsckd communication Socket.
         Starting File System Check on Root Device...
[[0;32m  OK  [0m] Listening on LVM2 metadata daemon socket.
         Starting Monitoring of LVM2 mirrors…ng dmeventd or progress polling...
[   10.068962] Loading iSCSI transport class v2.0-870.
[[0;32m  OK  [0m] Listening on udev Control Socket.
         Starting udev Coldplug all Devices...
         Mounting Kernel Debug File System...
         Starting Uncomplicated firewall...
[   10.073714] iscsi: registered transport (tcp)
[   10.085080] iscsi: registered transport (iser)
[[0;32m  OK  [0m] Started Load Kernel Modules.
         Mounting Kernel Configuration File System...
         Starting Apply Kernel Variables...
         Mounting FUSE Control File System...
[[0;32m  OK  [0m] Started Create list of required sta…vice nodes for the current kernel.
         Starting Create Static Device Nodes in /dev...
[[0;32m  OK  [0m] Started Journal Service.
[[0;32m  OK  [0m] Started File System Check Daemon to report status.
[[0;32m  OK  [0m] Started LVM2 metadata daemon.
[[0;32m  OK  [0m] Started Uncomplicated firewall.
[[0;32m  OK  [0m] Mounted POSIX Message Queue File System.
[[0;32m  OK  [0m] Mounted Kernel Configuration File System.
[[0;32m  OK  [0m] Mounted Huge Pages File System.
[[0;32m  OK  [0m] Mounted FUSE Control File System.
[[0;32m  OK  [0m] Mounted Kernel Debug File System.
[[0;32m  OK  [0m] Started Create Static Device Nodes in /dev.
[[0;32m  OK  [0m] Started udev Coldplug all Devices.
[[0;32m  OK  [0m] Started File System Check on Root Device.
         Starting Remount Root and Kernel File Systems...
[[0;32m  OK  [0m] Started Apply Kernel Variables.
[[0;32m  OK  [0m] Started Remount Root and Kernel File Systems.
         Starting Flush Journal to Persistent Storage...
         Starting Load/Save Random Seed...
         Starting udev Kernel Device Manager...
[[0;32m  OK  [0m] Started Load/Save Random Seed.
[[0;32m  OK  [0m] Started Monitoring of LVM2 mirrors,…sing dmeventd or progress polling.
[[0;32m  OK  [0m] Started udev Kernel Device Manager.
[[0;32m  OK  [0m] Started Flush Journal to Persistent Storage.
[[0;32m  OK  [0m] Found device /dev/ttyS0.
[[0;32m  OK  [0m] Listening on Load/Save RF Kill Switch Status /dev/rfkill Watch.
         Mounting Arbitrary Executable File Formats File System...
[[0;32m  OK  [0m] Mounted Arbitrary Executable File Formats File System.
[[0;32m  OK  [0m] Started Set the console keyboard layout.
[[0;32m  OK  [0m] Reached target Local File Systems (Pre).
[[0;32m  OK  [0m] Reached target Local File Systems.
         Starting Create Volatile Files and Directories...
         Starting AppArmor initialization...
         Starting Commit a transient machine-id on disk...
         Starting ebtables ruleset management...
         Starting Set console font and keymap...
         Starting Tell Plymouth To Write Out Runtime Data...
[[0;32m  OK  [0m] Started Dispatch Password Requests to Console Directory Watch.
[[0;32m  OK  [0m] Reached target Local Encrypted Volumes.
[[0;32m  OK  [0m] Started Create Volatile Files and Directories.
         Starting Update UTMP about System Boot/Shutdown...
[[0;32m  OK  [0m] Started Tell Plymouth To Write Out Runtime Data.
[[0;32m  OK  [0m] Started Update UTMP about System Boot/Shutdown.
[[0;32m  OK  [0m] Started ebtables ruleset management.
[[0;32m  OK  [0m] Started Commit a transient machine-id on disk.
[[0;32m  OK  [0m] Started AppArmor initialization.
         Starting Load AppArmor profiles managed internally by snapd...
         Starting Initial cloud-init job (pre-networking)...
[[0;32m  OK  [0m] Started Load AppArmor profiles managed internally by snapd.
[[0;32m  OK  [0m] Started Set console font and keymap.
[   12.433689] cloud-init[841]: Cloud-init v. 23.1.2-0ubuntu0~18.04.1 running 'init-local' at Sat, 03 May 2025 16:00:46 +0000. Up 12.19 seconds.
[[0;32m  OK  [0m] Started Initial cloud-init job (pre-networking).
[[0;32m  OK  [0m] Reached target Network (Pre).
         Starting Network Service...
[[0;32m  OK  [0m] Started Network Service.
         Starting Wait for Network to be Configured...
         Starting Network Name Resolution...
[[0;32m  OK  [0m] Started Network Name Resolution.
[[0;32m  OK  [0m] Reached target Network.
[[0;32m  OK  [0m] Reached target Host and Network Name Lookups.
[[0;32m  OK  [0m] Started Wait for Network to be Configured.
         Starting Initial cloud-init job (metadata service crawler)...
[   14.668539] cloud-init[1012]: Cloud-init v. 23.1.2-0ubuntu0~18.04.1 running 'init' at Sat, 03 May 2025 16:00:48 +0000. Up 14.57 seconds.
[   14.669869] cloud-init[1012]: ci-info: ++++++++++++++++++++++++++++++++++++++Net device info+++++++++++++++++++++++++++++++++++++++
[   14.671116] cloud-init[1012]: ci-info: +--------+-------+----------------------------+---------------+--------+-------------------+
[   14.672387] cloud-init[1012]: ci-info: | Device |   Up  |          Address           |      Mask     | Scope  |     Hw-Address    |
[   14.673641] cloud-init[1012]: ci-info: +--------+-------+----------------------------+---------------+--------+-------------------+
[   14.674810] cloud-init[1012]: ci-info: | enp0s3 |  True |         10.0.2.15          | 255.255.255.0 | global | 02:3b:7b:b7:3b:2d |
[   14.688221] cloud-init[1012]: ci-info: | enp0s3 |  True | fe80::3b:7bff:feb7:3b2d/64 |       .       |  link  | 02:3b:7b:b7:3b:2d |
[   14.689538] cloud-init[1012]: ci-info: | enp0s8 | False |             .              |       .       |   .    | 08:00:27:4b:38:db |
[   14.690820] cloud-init[1012]: ci-info: |   lo   |  True |         127.0.0.1          |   255.0.0.0   |  host  |         .         |
[   14.692169] cloud-init[1012]: ci-info: |   lo   |  True |          ::1/128           |       .       |  host  |         .         |
[   14.693455] cloud-init[1012]: ci-info: +--------+-------+----------------------------+---------------+--------+-------------------+
[   14.694730] cloud-init[1012]: ci-info: ++++++++++++++++++++++++++++Route IPv4 info+++++++++++++++++++++++++++++
[   14.695842] cloud-init[1012]: ci-info: +-------+-------------+----------+-----------------+-----------+-------+
[   14.696975] cloud-init[1012]: ci-info: | Route | Destination | Gateway  |     Genmask     | Interface | Flags |
[   14.698162] cloud-init[1012]: ci-info: +-------+-------------+----------+-----------------+-----------+-------+
[   14.699201] cloud-init[1012]: ci-info: |   0   |   0.0.0.0   | 10.0.2.2 |     0.0.0.0     |   enp0s3  |   UG  |
[   14.700350] cloud-init[1012]: ci-info: |   1   |   10.0.2.0  | 0.0.0.0  |  255.255.255.0  |   enp0s3  |   U   |
[   14.701467] cloud-init[1012]: ci-info: |   2   |   10.0.2.2  | 0.0.0.0  | 255.255.255.255 |   enp0s3  |   UH  |
[   14.702538] cloud-init[1012]: ci-info: +-------+-------------+----------+-----------------+-----------+-------+
[   14.703587] cloud-init[1012]: ci-info: +++++++++++++++++++Route IPv6 info+++++++++++++++++++
[   14.704489] cloud-init[1012]: ci-info: +-------+-------------+---------+-----------+-------+
[   14.705374] cloud-init[1012]: ci-info: | Route | Destination | Gateway | Interface | Flags |
[   14.706257] cloud-init[1012]: ci-info: +-------+-------------+---------+-----------+-------+
[   14.707152] cloud-init[1012]: ci-info: |   1   |  fe80::/64  |    ::   |   enp0s3  |   U   |
[   14.708068] cloud-init[1012]: ci-info: |   3   |    local    |    ::   |   enp0s3  |   U   |
[   14.708947] cloud-init[1012]: ci-info: |   4   |   ff00::/8  |    ::   |   enp0s3  |   U   |
[   14.709823] cloud-init[1012]: ci-info: +-------+-------------+---------+-----------+-------+
[   15.221484] cloud-init[1012]: Generating public/private rsa key pair.
[   15.222237] cloud-init[1012]: Your identification has been saved in /etc/ssh/ssh_host_rsa_key.
[   15.222887] cloud-init[1012]: Your public key has been saved in /etc/ssh/ssh_host_rsa_key.pub.
[   15.223837] cloud-init[1012]: The key fingerprint is:
[   15.224405] cloud-init[1012]: SHA256:hF06ie6Z9wKFMvJOCKnARn5+oIBH3DVfzYSDVA0qvuU root@ubuntu-bionic
[   15.225351] cloud-init[1012]: The key's randomart image is:
[   15.225951] cloud-init[1012]: +---[RSA 2048]----+
[   15.226475] cloud-init[1012]: | . . .o..o=B.    |
[   15.227007] cloud-init[1012]: | .o .  *.*o +    |
[   15.227521] cloud-init[1012]: |=o    +.O  .     |
[   15.228082] cloud-init[1012]: |*+oooo.o..       |
[   15.228608] cloud-init[1012]: |=o++.oo.S        |
[   15.229140] cloud-init[1012]: |....oo.*         |
[   15.229659] cloud-init[1012]: |   o. =.E        |
[   15.230179] cloud-init[1012]: |    .  ...       |
[   15.230690] cloud-init[1012]: |         ..      |
[   15.231213] cloud-init[1012]: +----[SHA256]-----+
[   15.231732] cloud-init[1012]: Generating public/private dsa key pair.
[   15.232434] cloud-init[1012]: Your identification has been saved in /etc/ssh/ssh_host_dsa_key.
[   15.233320] cloud-init[1012]: Your public key has been saved in /etc/ssh/ssh_host_dsa_key.pub.
[   15.234282] cloud-init[1012]: The key fingerprint is:
[   15.234875] cloud-init[1012]: SHA256:j/agyPEMLthff3bSBQtq8KsWDHcxq8tcmJ61IbsarPM root@ubuntu-bionic
[   15.235867] cloud-init[1012]: The key's randomart image is:
[   15.236514] cloud-init[1012]: +---[DSA 1024]----+
[   15.237283] cloud-init[1012]: |                 |
[   15.237878] cloud-init[1012]: |        o        |
[   15.238451] cloud-init[1012]: |         +       |
[   15.239099] cloud-init[1012]: |    . o o . .    |
[   15.239665] cloud-init[1012]: |     + BS. . o   |
[   15.240349] cloud-init[1012]: |   .  B Bo  . .  |
[   15.240897] cloud-init[1012]: | o  =+.X++.. .   |
[   15.241456] cloud-init[1012]: |. ++ OO+oo+ o    |
[   15.242013] cloud-init[1012]: |  .=Eo*o.o.o     |
[   15.242561] cloud-init[1012]: +----[SHA256]-----+
[   15.243150] cloud-init[1012]: Generating public/private ecdsa key pair.
[   15.243870] cloud-init[1012]: Your identification has been saved in /etc/ssh/ssh_host_ecdsa_key.
[   15.244871] cloud-init[1012]: Your public key has been saved in /etc/ssh/ssh_host_ecdsa_key.pub.
[   15.245831] cloud-init[1012]: The key fingerprint is:
[   15.246425] cloud-init[1012]: SHA256:BF0Al+zG2NyjRdzf6qTcft3/Ij6Sopgeijur0zTp0Tg root@ubuntu-bionic
[   15.247391] cloud-init[1012]: The key's randomart image is:
[   15.247995] cloud-init[1012]: +---[ECDSA 256]---+
[   15.248534] cloud-init[1012]: |      o+o=..     |
[   15.249062] cloud-init[1012]: |       o+ o .    |
[   15.249585] cloud-init[1012]: |       *.o   . . |
[   15.250140] cloud-init[1012]: |      ..* +   . .|
[   15.250669] cloud-init[1012]: |   +   .So .   . |
[   15.251194] cloud-init[1012]: |  E .   .     o  |
[   15.251722] cloud-init[1012]: | + +.      o =  o|
[   15.252277] cloud-init[1012]: |o.o. +  . o = + +|
[   15.252795] cloud-init[1012]: |*=..+ .. . o.+.o=|
[   15.253313] cloud-init[1012]: +----[SHA256]-----+
[   15.253832] cloud-init[1012]: Generating public/private ed25519 key pair.
[   15.254548] cloud-init[1012]: Your identification has been saved in /etc/ssh/ssh_host_ed25519_key.
[   15.255489] cloud-init[1012]: Your public key has been saved in /etc/ssh/ssh_host_ed25519_key.pub.
[   15.256436] cloud-init[1012]: The key fingerprint is:
[   15.256988] cloud-init[1012]: SHA256:lsNIsqucd4GsZqHXD9xcGTwARvS84t9p3+6ue8f9VmI root@ubuntu-bionic
[   15.257934] cloud-init[1012]: The key's randomart image is:
[   15.258528] cloud-init[1012]: +--[ED25519 256]--+
[   15.259043] cloud-init[1012]: |   o=..          |
[   15.259555] cloud-init[1012]: |   . o o         |
[   15.260098] cloud-init[1012]: |    . + +        |
[   15.260624] cloud-init[1012]: |     + + =       |
[   15.261141] cloud-init[1012]: |   .o.o S        |
[   15.261674] cloud-init[1012]: |  .oo=.o .    E .|
[   15.262199] cloud-init[1012]: | . += o.     o o.|
[   15.262717] cloud-init[1012]: |..=ooo.... .. o o|
[   15.263257] cloud-init[1012]: | ++. oo.o.+B=. .o|
[   15.263784] cloud-init[1012]: +----[SHA256]-----+
[[0;32m  OK  [0m] Started Initial cloud-init job (metadata service crawler).
[[0;32m  OK  [0m] Reached target System Initialization.
         Starting Socket activation for snappy daemon.
[[0;32m  OK  [0m] Listening on cloud-init hotplug hook socket.
[[0;32m  OK  [0m] Started Discard unused blocks once a week.
[[0;32m  OK  [0m] Started ACPI Events Check.
[[0;32m  OK  [0m] Reached target Paths.
[[0;32m  OK  [0m] Started Daily apt download activities.
[[0;32m  OK  [0m] Listening on ACPID Listen Socket.
[[0;32m  OK  [0m] Listening on UUID daemon activation socket.
         Starting LXD - unix socket.
[[0;32m  OK  [0m] Started Daily Cleanup of Temporary Directories.
[[0;32m  OK  [0m] Listening on Open-iSCSI iscsid Socket.
[[0;32m  OK  [0m] Started Daily apt upgrade and clean activities.
[[0;32m  OK  [0m] Listening on D-Bus System Message Bus Socket.
[[0;32m  OK  [0m] Started Message of the Day.
[[0;32m  OK  [0m] Started Ubuntu Advantage Timer for running repeated jobs.
[[0;32m  OK  [0m] Reached target Timers.
[[0;32m  OK  [0m] Reached target Cloud-config availability.
[[0;32m  OK  [0m] Reached target Network is Online.
         Starting Availability of block devices...
[[0;32m  OK  [0m] Reached target Remote File Systems (Pre).
[[0;32m  OK  [0m] Reached target Remote File Systems.
[[0;32m  OK  [0m] Listening on Socket activation for snappy daemon.
[[0;32m  OK  [0m] Listening on LXD - unix socket.
[[0;32m  OK  [0m] Reached target Sockets.
[[0;32m  OK  [0m] Reached target Basic System.
         Starting System Logging Service...
         Starting Pollinate to seed the pseudo random number generator...
         Starting Accounts Service...
[[0;32m  OK  [0m] Started irqbalance daemon.
         Starting LSB: Record successful boot for GRUB...
         Starting Permit User Sessions...
         Starting Virtualbox guest utils...
[[0;32m  OK  [0m] Started Regular background program processing daemon.
         Starting LSB: automatic crash report generation...
[[0;32m  OK  [0m] Started Deferred execution scheduler.
         Starting LXD - container startup/shutdown...
[[0;32m  OK  [0m] Started D-Bus System Message Bus.
[[0;32m  OK  [0m] Reached target Login Prompts (Pre).
         Starting Login Service...
         Starting Dispatcher daemon for systemd-networkd...
[[0;32m  OK  [0m] Started FUSE filesystem for LXC.
         Starting Snap Daemon...
[[0;32m  OK  [0m] Started System Logging Service.
[[0;32m  OK  [0m] Started Availability of block devices.
[[0;32m  OK  [0m] Started Permit User Sessions.
[[0;32m  OK  [0m] Started LXD - container startup/shutdown.
[[0;32m  OK  [0m] Started Login Service.
[[0;32m  OK  [0m] Started Unattended Upgrades Shutdown.
         Starting Authorization Manager...
         Starting Terminate Plymouth Boot Screen...
         Starting Hold until boot process finishes up...
[[0;32m  OK  [0m] Started Hold until boot process finishes up.
[[0;32m  OK  [0m] Started Serial Getty on ttyS0.
         Starting Set console scheme...
[[0;32m  OK  [0m] Started Terminate Plymouth Boot Screen.
[[0;32m  OK  [0m] Started LSB: automatic crash report generation.
[[0;32m  OK  [0m] Started Set console scheme.
[[0;32m  OK  [0m] Created slice system-getty.slice.
[[0;32m  OK  [0m] Started Getty on tty1.
[[0;32m  OK  [0m] Reached target Login Prompts.
[[0;32m  OK  [0m] Started LSB: Record successful boot for GRUB.
[[0;32m  OK  [0m] Started Authorization Manager.
[[0;32m  OK  [0m] Started Accounts Service.
[[0;32m  OK  [0m] Started Virtualbox guest utils.
[[0;32m  OK  [0m] Started Dispatcher daemon for systemd-networkd.
[[0;32m  OK  [0m] Started Snap Daemon.
         Starting Wait until snapd is fully seeded...
[[0;32m  OK  [0m] Started Pollinate to seed the pseudo random number generator.
         Starting OpenBSD Secure Shell server...
[[0;32m  OK  [0m] Started OpenBSD Secure Shell server.
         Starting Time & Date Service...
[[0;32m  OK  [0m] Started Time & Date Service.
[[0;32m  OK  [0m] Started Wait until snapd is fully seeded.
         Starting Apply the settings specified in cloud-config...
[   17.378996] cloud-init[1571]: Cloud-init v. 23.1.2-0ubuntu0~18.04.1 running 'modules:config' at Sat, 03 May 2025 16:00:51 +0000. Up 17.11 seconds.
[[0;32m  OK  [0m] Started Apply the settings specified in cloud-config.
[[0;32m  OK  [0m] Reached target Multi-User System.
         Starting Execute cloud user/final scripts...
[[0;32m  OK  [0m] Reached target Graphical Interface.
         Starting Update UTMP about System Runlevel Changes...
[[0;32m  OK  [0m] Started Update UTMP about System Runlevel Changes.
ci-info: no authorized SSH keys fingerprints found for user ubuntu.
<14>May  3 16:00:51 cloud-init: #############################################################
<14>May  3 16:00:51 cloud-init: -----BEGIN SSH HOST KEY FINGERPRINTS-----
<14>May  3 16:00:51 cloud-init: 1024 SHA256:j/agyPEMLthff3bSBQtq8KsWDHcxq8tcmJ61IbsarPM root@ubuntu-bionic (DSA)
<14>May  3 16:00:51 cloud-init: 256 SHA256:BF0Al+zG2NyjRdzf6qTcft3/Ij6Sopgeijur0zTp0Tg root@ubuntu-bionic (ECDSA)
<14>May  3 16:00:51 cloud-init: 256 SHA256:lsNIsqucd4GsZqHXD9xcGTwARvS84t9p3+6ue8f9VmI root@ubuntu-bionic (ED25519)
<14>May  3 16:00:51 cloud-init: 2048 SHA256:hF06ie6Z9wKFMvJOCKnARn5+oIBH3DVfzYSDVA0qvuU root@ubuntu-bionic (RSA)
<14>May  3 16:00:51 cloud-init: -----END SSH HOST KEY FINGERPRINTS-----
<14>May  3 16:00:51 cloud-init: #############################################################
-----BEGIN SSH HOST KEY KEYS-----
ecdsa-sha2-nistp256 AAAAE2VjZHNhLXNoYTItbmlzdHAyNTYAAAAIbmlzdHAyNTYAAABBBAD4xdoK+8FzUw621KeGbwfKMuHT6vHgKOf2pC0nk6ynlBHLvdH2zOAnwgof+JANGV+EAn+5XkqWnvzPgzsoF20= root@ubuntu-bionic
ssh-ed25519 AAAAC3NzaC1lZDI1NTE5AAAAIF313ZQLeIsA1HaMKB3bUOLhCKJ4eA7CMbklncGfEd9B root@ubuntu-bionic
ssh-rsa AAAAB3NzaC1yc2EAAAADAQABAAABAQCsd5l1w4u6wbH55M02AiZuDcWUfj3T32upM4KhIdKk/Cjjs+XnTCls3V3zCGs+KA46JoCwDQUe1nyRKsffR5yUc3GwDTRdqPlxFLYxkViwX2NQA1wDZnQ/ajKwpxSRrJz8zqESQpYFn8xz8tWG80fCUGlgeQBbPBgZXW+VwSi/o0HKg5QuW0QjwcXTeHxVeUEa9psDTJvJVg7V0nxO3ex/06gnNp0cGv1aO2FcDxKj5MVkKMRgKov9wuOAsJogGyg6Nvd/7P+81SOpVuLP0v8mO/QfDwaTAZsQ7PfypXI1+NzpjSksPdFB/yWs+3LpminlpQeBN33vIBjytCmWTs7X root@ubuntu-bionic
-----END SSH HOST KEY KEYS-----
[   17.880699] cloud-init[1618]: Cloud-init v. 23.1.2-0ubuntu0~18.04.1 running 'modules:final' at Sat, 03 May 2025 16:00:51 +0000. Up 17.72 seconds.
[   17.882489] cloud-init[1618]: Cloud-init v. 23.1.2-0ubuntu0~18.04.1 finished at Sat, 03 May 2025 16:00:51 +0000. Datasource DataSourceNoCloud [seed=/dev/sdb][dsmode=net].  Up 17.87 seconds
[[0;32m  OK  [0m] Started Execute cloud user/final scripts.
[[0;32m  OK  [0m] Reached target Cloud-init target.

Ubuntu 18.04.6 LTS ubuntu-bionic ttyS0

ubuntu-bionic login: 